/home/matthew/Documents/Low_Latency_Apps_CPP/11Chapter_testing/common/socket_utils.h:105 createSocket() 21:10:30370667211 cfg:SocketCfg[ip:233.252.14.1 iface:lo port:20000is_udp:1 is_listening:0 needs_SO_timestamp:0]
/home/matthew/Documents/Low_Latency_Apps_CPP/11Chapter_testing/exchange/market_data/snapshot_synthesizer.cpp:125 run() 21:10:31435684923
/home/matthew/Documents/Low_Latency_Apps_CPP/11Chapter_testing/exchange/market_data/snapshot_synthesizer.cpp:83 publishSnapshot() 21:10:31435791582 MEPMarketUpdate [ seq:0 MEMarketUpdate [ type:SNAPSHOT_START ticker:INVALID oid:0side:INVALID qty:INVALID price:INVALID priority:INVALID]]
/home/matthew/Documents/Low_Latency_Apps_CPP/11Chapter_testing/exchange/market_data/snapshot_synthesizer.cpp:97 publishSnapshot() 21:10:31435853394 MEPMarketUpdate [ seq:1 MEMarketUpdate [ type:CLEAR ticker:0 oid:INVALIDside:INVALID qty:INVALID price:INVALID priority:INVALID]]
/home/matthew/Documents/Low_Latency_Apps_CPP/11Chapter_testing/exchange/market_data/snapshot_synthesizer.cpp:97 publishSnapshot() 21:10:31439944723 MEPMarketUpdate [ seq:2 MEMarketUpdate [ type:CLEAR ticker:1 oid:INVALIDside:INVALID qty:INVALID price:INVALID priority:INVALID]]
/home/matthew/Documents/Low_Latency_Apps_CPP/11Chapter_testing/exchange/market_data/snapshot_synthesizer.cpp:97 publishSnapshot() 21:10:31444015738 MEPMarketUpdate [ seq:3 MEMarketUpdate [ type:CLEAR ticker:2 oid:INVALIDside:INVALID qty:INVALID price:INVALID priority:INVALID]]
/home/matthew/Documents/Low_Latency_Apps_CPP/11Chapter_testing/exchange/market_data/snapshot_synthesizer.cpp:97 publishSnapshot() 21:10:31448083747 MEPMarketUpdate [ seq:4 MEMarketUpdate [ type:CLEAR ticker:3 oid:INVALIDside:INVALID qty:INVALID price:INVALID priority:INVALID]]
/home/matthew/Documents/Low_Latency_Apps_CPP/11Chapter_testing/exchange/market_data/snapshot_synthesizer.cpp:97 publishSnapshot() 21:10:31452202613 MEPMarketUpdate [ seq:5 MEMarketUpdate [ type:CLEAR ticker:4 oid:INVALIDside:INVALID qty:INVALID price:INVALID priority:INVALID]]
/home/matthew/Documents/Low_Latency_Apps_CPP/11Chapter_testing/exchange/market_data/snapshot_synthesizer.cpp:97 publishSnapshot() 21:10:31456272762 MEPMarketUpdate [ seq:6 MEMarketUpdate [ type:CLEAR ticker:5 oid:INVALIDside:INVALID qty:INVALID price:INVALID priority:INVALID]]
/home/matthew/Documents/Low_Latency_Apps_CPP/11Chapter_testing/exchange/market_data/snapshot_synthesizer.cpp:97 publishSnapshot() 21:10:31460267747 MEPMarketUpdate [ seq:7 MEMarketUpdate [ type:CLEAR ticker:6 oid:INVALIDside:INVALID qty:INVALID price:INVALID priority:INVALID]]
/home/matthew/Documents/Low_Latency_Apps_CPP/11Chapter_testing/exchange/market_data/snapshot_synthesizer.cpp:97 publishSnapshot() 21:10:31464305710 MEPMarketUpdate [ seq:8 MEMarketUpdate [ type:CLEAR ticker:7 oid:INVALIDside:INVALID qty:INVALID price:INVALID priority:INVALID]]
/home/matthew/Documents/Low_Latency_Apps_CPP/11Chapter_testing/exchange/market_data/snapshot_synthesizer.cpp:115 publishSnapshot() 21:10:31468317419 MEPMarketUpdate [ seq:9 MEMarketUpdate [ type:SNAPSHOT_END ticker:INVALID oid:0side:INVALID qty:INVALID price:INVALID priority:INVALID]]
/home/matthew/Documents/Low_Latency_Apps_CPP/11Chapter_testing/common/mcast_socket.cpp:44 sendAndRecv() 21:10:31468436328 send socket:8 len:460
/home/matthew/Documents/Low_Latency_Apps_CPP/11Chapter_testing/exchange/market_data/snapshot_synthesizer.cpp:119 publishSnapshot() 21:10:31468468290 Published snapshot of 9 orders.
/home/matthew/Documents/Low_Latency_Apps_CPP/11Chapter_testing/exchange/market_data/snapshot_synthesizer.cpp:83 publishSnapshot() 21:11:31435794206 MEPMarketUpdate [ seq:0 MEMarketUpdate [ type:SNAPSHOT_START ticker:INVALID oid:0side:INVALID qty:INVALID price:INVALID priority:INVALID]]
/home/matthew/Documents/Low_Latency_Apps_CPP/11Chapter_testing/exchange/market_data/snapshot_synthesizer.cpp:97 publishSnapshot() 21:11:31435877605 MEPMarketUpdate [ seq:1 MEMarketUpdate [ type:CLEAR ticker:0 oid:INVALIDside:INVALID qty:INVALID price:INVALID priority:INVALID]]
/home/matthew/Documents/Low_Latency_Apps_CPP/11Chapter_testing/exchange/market_data/snapshot_synthesizer.cpp:97 publishSnapshot() 21:11:31440538724 MEPMarketUpdate [ seq:2 MEMarketUpdate [ type:CLEAR ticker:1 oid:INVALIDside:INVALID qty:INVALID price:INVALID priority:INVALID]]
/home/matthew/Documents/Low_Latency_Apps_CPP/11Chapter_testing/exchange/market_data/snapshot_synthesizer.cpp:97 publishSnapshot() 21:11:31443275310 MEPMarketUpdate [ seq:3 MEMarketUpdate [ type:CLEAR ticker:2 oid:INVALIDside:INVALID qty:INVALID price:INVALID priority:INVALID]]
/home/matthew/Documents/Low_Latency_Apps_CPP/11Chapter_testing/exchange/market_data/snapshot_synthesizer.cpp:97 publishSnapshot() 21:11:31447417510 MEPMarketUpdate [ seq:4 MEMarketUpdate [ type:CLEAR ticker:3 oid:INVALIDside:INVALID qty:INVALID price:INVALID priority:INVALID]]
/home/matthew/Documents/Low_Latency_Apps_CPP/11Chapter_testing/exchange/market_data/snapshot_synthesizer.cpp:97 publishSnapshot() 21:11:31451536066 MEPMarketUpdate [ seq:5 MEMarketUpdate [ type:CLEAR ticker:4 oid:INVALIDside:INVALID qty:INVALID price:INVALID priority:INVALID]]
/home/matthew/Documents/Low_Latency_Apps_CPP/11Chapter_testing/exchange/market_data/snapshot_synthesizer.cpp:97 publishSnapshot() 21:11:31455287014 MEPMarketUpdate [ seq:6 MEMarketUpdate [ type:CLEAR ticker:5 oid:INVALIDside:INVALID qty:INVALID price:INVALID priority:INVALID]]
/home/matthew/Documents/Low_Latency_Apps_CPP/11Chapter_testing/exchange/market_data/snapshot_synthesizer.cpp:97 publishSnapshot() 21:11:31458317452 MEPMarketUpdate [ seq:7 MEMarketUpdate [ type:CLEAR ticker:6 oid:INVALIDside:INVALID qty:INVALID price:INVALID priority:INVALID]]
/home/matthew/Documents/Low_Latency_Apps_CPP/11Chapter_testing/exchange/market_data/snapshot_synthesizer.cpp:97 publishSnapshot() 21:11:31462455060 MEPMarketUpdate [ seq:8 MEMarketUpdate [ type:CLEAR ticker:7 oid:INVALIDside:INVALID qty:INVALID price:INVALID priority:INVALID]]
/home/matthew/Documents/Low_Latency_Apps_CPP/11Chapter_testing/exchange/market_data/snapshot_synthesizer.cpp:115 publishSnapshot() 21:11:31467027630 MEPMarketUpdate [ seq:9 MEMarketUpdate [ type:SNAPSHOT_END ticker:INVALID oid:0side:INVALID qty:INVALID price:INVALID priority:INVALID]]
/home/matthew/Documents/Low_Latency_Apps_CPP/11Chapter_testing/common/mcast_socket.cpp:44 sendAndRecv() 21:11:31467146588 send socket:8 len:460
/home/matthew/Documents/Low_Latency_Apps_CPP/11Chapter_testing/exchange/market_data/snapshot_synthesizer.cpp:119 publishSnapshot() 21:11:31467177575 Published snapshot of 9 orders.
